Open PicoBlaze Assembler log for program "CalculMensonge.psm"
Generated by opbasm v1.3
  Assembled on 2021-07-18T20:15:39
  PicoBlaze-3 mode

  Last occupied address: 03D hex
  Nominal program memory size: 1K (1024)  address(9:0)
  Actual memory size: 1024
  Occupied memory locations: 62
  Memory locations available: 962
  Scratchpad size: 64


Assembly listing
----------------
000                             ; CalculMensonge.psm
                                ;
000                             ; This is the start of 'myProgram' for KCPSM6
                                ;
000                             CONSTANT Pouls_port, 00
000                             CONSTANT Respiration_port_low, 01
000                             CONSTANT Respiration_port_high, 02
000                             CONSTANT Perspiration_port, 03
000                             CONSTANT Systolic_port, 04
000                             CONSTANT Diastolic_port, 05
000                             CONSTANT Result_port, 06
                                ;
000  04102                      INPUT s1, Respiration_port_high
001  04201                      INPUT s2, Respiration_port_low
                                ;
002                             ; Soustraction (450 - paramRespi)
002  004C2                      LOAD s4, C2
003  1D420                      SUB s4, s2                     ; partie low du résultat
004  00301                      LOAD s3, 01
005  1F310                      SUBCY s3, s1                   ; partie high du résultat
                                ;
006                             ; Faire * 128 (shift left 7 fois)
006  20406                      SL0 s4
007  20300                      SLA s3
008  20406                      SL0 s4
009  20300                      SLA s3
00A  20406                      SL0 s4
00B  20300                      SLA s3
00C  20406                      SL0 s4
00D  20300                      SLA s3
00E  20406                      SL0 s4
00F  20300                      SLA s3
010  20406                      SL0 s4
011  20300                      SLA s3
012  20406                      SL0 s4
013  20300                      SLA s3
                                ;
014                             ; Faire le résultat / 512
014  01530                      LOAD s5, s3
015  01640                      LOAD s6, s4
016  2050E                      SR0 s5
017  20608                      SRA s6
018  2050E                      SR0 s5
019  20608                      SRA s6
01A  2050E                      SR0 s5
01B  20608                      SRA s6
01C  2050E                      SR0 s5
01D  20608                      SRA s6
01E  2050E                      SR0 s5
01F  20608                      SRA s6
020  2050E                      SR0 s5
021  20608                      SRA s6
022  2050E                      SR0 s5
023  20608                      SRA s6
024  2050E                      SR0 s5
025  20608                      SRA s6
026  2050E                      SR0 s5
027  20608                      SRA s6
                                ;
028                             ; additionner le contenu de s5 et s6
028  01750                      LOAD s7, s5
029  01860                      LOAD s8, s6
                                ;
02A                             ; Faire le résultat / 1024
02A  2050E                      SR0 s5
02B  20608                      SRA s6
                                ;
02C                             ; Additionner
02C  19860                      ADD s8, s6
02D  1B750                      ADDCY s7, s5
                                ;
02E                             ; Faire le résultat / 2048
02E  2050E                      SR0 s5
02F  20608                      SRA s6
                                ;
030                             ; Additionner
030  19860                      ADD s8, s6
031  1B750                      ADDCY s7, s5
                                ;
032                             ; Faire le résultat de la division /2
032  01570                      LOAD s5, s7
033  01680                      LOAD s6, s8
034  2050E                      SR0 s5
035  20608                      SRA s6
                                ;
036                             ; Additionner le resultat
036  01750                      LOAD s7, s5
037  01860                      LOAD s8, s6
                                ;
038                             ; Faire le résultat de la division / 4
038  2050E                      SR0 s5
039  20608                      SRA s6
                                ;
03A                             ; Additionner le resultat
03A  19750                      ADD s7, s5
03B  19860                      ADD s8, s6
                                ;
03C                             ; Mettre le resultat en sortie
03C  01080                      LOAD s0, s8
03D  2C006                      OUTPUT s0, Result_port


All unused memory locations contain zero (equivalent to "LOAD s0, 00")


PSM files that have been assembled
----------------------------------
    D:\Git\PolyBUS\PicoBlaze\CalculMensonge.psm


List of defined constants
-------------------------
    CONSTANT name          Value  Source PSM file   
 ----------------          -----  ---------------   
    BEL                    07
    BS                     08
    CR                     0D
    DCS                    90
    DEL                    7F
 *  Diastolic_port         05     CalculMensonge.psm
    ESC                    1B
    HT                     09
    LF                     0A
    NUL                    00
 *  Perspiration_port      03     CalculMensonge.psm
 *  Pouls_port             00     CalculMensonge.psm
    Respiration_port_high  02     CalculMensonge.psm
    Respiration_port_low   01     CalculMensonge.psm
    Result_port            06     CalculMensonge.psm
    ST                     9C
 *  Systolic_port          04     CalculMensonge.psm
    VT                     0B
    datestamp_day          12
    datestamp_month        07
    datestamp_year         15
    timestamp_hours        14
    timestamp_minutes      0F
    timestamp_seconds      27

       * Unreferenced constant(s)


  No tables defined


List of text strings
--------------------
    STRING name  Value          Source PSM file
 --------------  -----          ---------------
    datestamp$   "18 Jul 2021"
    timestamp$   "20:15:39"


List of line labels
-------------------
    Label  Addr  Source PSM file
 --------  ----  ---------------


List of pragma blocks
---------------------
   Name  Addr range  Value
   ----  ----------  -----


Instruction usage statistics
----------------------------
   Instruction  Instances
   -----------  ---------
   ADD          4
   ADDCY        2
   AND          -
   CALL         -
   COMPARE      -
   DISABLE      -
   ENABLE       -
   FETCH        -
   INPUT        2
   JUMP         -
   LOAD         11
   OR           -
   OUTPUT       1
   RETURN       -
   RETURNI      -
   RL           -
   RR           -
   SL0          7
   SL1          -
   SLA          7
   SLX          -
   SR0          13
   SR1          -
   SRA          13
   SRX          -
   STORE        -
   SUB          1
   SUBCY        1
   TEST         -
   XOR          -
