KCPSM6 Assembler log file for program 'C:\Users\Zach\source\Github\PolyBUS\vhdSources\myProgram.psm'.
Generated by KCPSM6 version v2.70
Ken Chapman - Xilinx Ltd - 16th May 2014

Assembly datestamp: 20 Jul 2021
Assembly timestamp: 11:24:03

Contents
  Assembly listing
  List of PSM files
  List of CONSTANTs
  List of TABLEs
  List of STRINGs
  List of line labels
  Instruction usage statistics


Last occupied address: 059 hex
Nominal program memory size: 1K (1024)   address(9:0)
Actual memory size: 4096
  (Default memory size)
Occupied memory locations: 90
Memory locations available: 4006


Assembly listing

 Addr Code     Instruction

 000           ; CalculMensonge.psm
 000           ;
 000           ; This is the start of 'myProgram' for KCPSM6
 000           ;
 000           CONSTANT Pouls_port, 00
 000           CONSTANT Respiration_port_low, 01
 000           CONSTANT Respiration_port_high, 02
 000           CONSTANT Perspiration_port, 03
 000           CONSTANT Systolic_port, 04
 000           CONSTANT Diastolic_port, 05
 000           CONSTANT Result_port, 06
 000           ;
 000           ; ========================================================================
 000           ; Calcul pour la respiration
 000           ; ========================================================================
 000  09102    INPUT s1, 02[Respiration_port_high]
 001  09201    INPUT s2, 01[Respiration_port_low]
 002           ;
 002           ; Soustraction (450 - paramRespi)
 002  014C2    LOAD s4, C2
 003  18420    SUB s4, s2                          ; partie low du résultat
 004  01301    LOAD s3, 01
 005  1A310    SUBCY s3, s1                        ; partie high du résultat
 006           ;
 006           ; Faire * 128 (shift left 7 fois)
 006  14406    SL0 s4
 007  14300    SLA s3
 008  14406    SL0 s4
 009  14300    SLA s3
 00A  14406    SL0 s4
 00B  14300    SLA s3
 00C  14406    SL0 s4
 00D  14300    SLA s3
 00E  14406    SL0 s4
 00F  14300    SLA s3
 010  14406    SL0 s4
 011  14300    SLA s3
 012  14406    SL0 s4
 013  14300    SLA s3
 014           ;
 014           ; Faire le résultat / 512
 014  00530    LOAD s5, s3
 015  00640    LOAD s6, s4
 016  1450E    SR0 s5
 017  14608    SRA s6
 018  1450E    SR0 s5
 019  14608    SRA s6
 01A  1450E    SR0 s5
 01B  14608    SRA s6
 01C  1450E    SR0 s5
 01D  14608    SRA s6
 01E  1450E    SR0 s5
 01F  14608    SRA s6
 020  1450E    SR0 s5
 021  14608    SRA s6
 022  1450E    SR0 s5
 023  14608    SRA s6
 024  1450E    SR0 s5
 025  14608    SRA s6
 026  1450E    SR0 s5
 027  14608    SRA s6
 028           ;
 028           ; additionner le contenu de s5 et s6
 028  00750    LOAD s7, s5
 029  00860    LOAD s8, s6
 02A           ;
 02A           ; Faire le résultat / 1024
 02A  1450E    SR0 s5
 02B  14608    SRA s6
 02C           ;
 02C           ; Additionner
 02C  10860    ADD s8, s6
 02D  12750    ADDCY s7, s5
 02E           ;
 02E           ; Faire le résultat / 2048
 02E  1450E    SR0 s5
 02F  14608    SRA s6
 030           ;
 030           ; Additionner
 030  10860    ADD s8, s6
 031  12750    ADDCY s7, s5
 032           ;
 032           ; Faire le résultat de la division /2
 032  00570    LOAD s5, s7
 033  00680    LOAD s6, s8
 034  1450E    SR0 s5
 035  14608    SRA s6
 036           ;
 036           ; Additionner le resultat
 036  00750    LOAD s7, s5
 037  00860    LOAD s8, s6
 038           ;
 038           ; Faire le résultat de la division / 4
 038  1450E    SR0 s5
 039  14608    SRA s6
 03A           ;
 03A           ; Additionner le resultat
 03A  10750    ADD s7, s5
 03B  10860    ADD s8, s6
 03C           ;
 03C           ; Mettre le resultat en sortie
 03C  00080    LOAD s0, s8
 03D           ;
 03D           ; ========================================================================
 03D           ; Calcul pour le Pouls
 03D           ; ========================================================================
 03D  09100    INPUT s1, 00[Pouls_port]
 03E           ;
 03E  0145A    LOAD s4, 5A
 03F  18410    SUB s4, s1
 040  01300    LOAD s3, 00
 041           ;
 041           ; Faire * 128 (shift left 7 fois) et diviser par 32 (shift right 5 fois)
 041  14406    SL0 s4
 042  14300    SLA s3
 043  14406    SL0 s4
 044  14300    SLA s3
 045           ;
 045           ; enregistrer ce résultat
 045  00640    LOAD s6, s4
 046  00530    LOAD s5, s3
 047           ;
 047           ; Faire le résultat / 128
 047  1430E    SR0 s3
 048  14408    SRA s4
 049  1430E    SR0 s3
 04A  14408    SRA s4
 04B           ;
 04B           ; Additiionner le résultat
 04B  10640    ADD s6, s4
 04C  10530    ADD s5, s3
 04D           ;
 04D           ; Diviser le résultat par 2
 04D  00460    LOAD s4, s6
 04E  00350    LOAD s3, s5
 04F  1430E    SR0 s3
 050  14408    SRA s4
 051           ;
 051           ; Enregistrer le résultat
 051  00530    LOAD s5, s3
 052  00640    LOAD s6, s4
 053           ;
 053           ; Diviser le résultat par 4
 053  1430E    SR0 s3
 054  14408    SRA s4
 055           ;
 055           ; Additionner le résultat
 055  10530    ADD s5, s3
 056  10640    ADD s6, s4
 057           ;
 057           ; Additionner le résultat au total
 057  10060    ADD s0, s6
 058  1400E    SR0 s0                              ; diviser par 2 pour faire une moyenne
 059  2D006    OUTPUT s0, 06[Result_port]


All unused memory locations contain zero (equivalent to 'LOAD s0, s0')



List of PSM files that have been assembled

C:\Users\Zach\source\Github\PolyBUS\vhdSources\myProgram.psm



List of defined constants

 CONSTANT name         Value        Source PSM File

 timestamp_hours       11'd         
 timestamp_minutes     24'd         
 timestamp_seconds     03'd         
 datestamp_year        21'd         
 datestamp_month       7'd          
 datestamp_day         20'd         
 NUL                   00           
 BEL                   07           
 BS                    08           
 HT                    09           
 LF                    0A           
 VT                    0B           
 CR                    0D           
 ESC                   1B           
 DEL                   7F           
 DCS                   90           
 ST                    9C           
 Pouls_port            00           myProgram.psm
 Respiration_port_low  01           myProgram.psm
 Respiration_port_high 02           myProgram.psm
 Perspiration_port     03           myProgram.psm
 Systolic_port         04           myProgram.psm
 Diastolic_port        05           myProgram.psm
 Result_port           06           myProgram.psm



No TABLEs defined



List of text strings

 STRING name       String         Source PSM File

 KCPSM6_version$   "v2.70"        
 datestamp$        "20 Jul 2021"  
 timestamp$        "11:24:03"     



List of line labels

   Label    Addr  Source PSM File




Instruction usage statistics

 Instruction    Instances

 LOAD             19
 STAR              -

 AND               -
 OR                -
 XOR               -

 ADD               9
 ADDCY             2
 SUB               2
 SUBCY             1

 TEST              -
 TESTCY            -
 COMPARE           -
 COMPARECY         -

 SL0               9
 SL1               -
 SLX               -
 SLA               9
 RL                -
 SR0              18
 SR1               -
 SRX               -
 SRA              17
 RR                -

 REGBANK           -

 INPUT             3
 OUTPUT            1
 OUTPUTK           -

 STORE             -
 FETCH             -

 DISABLE           -
 ENABLE            -
 RETURNI           -

 JUMP              -
 JUMP@             -
 CALL              -
 CALL@             -
 RETURN            -
 LOAD&RETURN       -

 HWBUILD           -



End of KCPSM6 log file.
